Flow report for pipeCPU
Thu Jun 15 18:24:55 2017
Quartus II 64-Bit Version 13.0.0 Build 156 04/24/2013 SJ Web Edition


---------------------
; Table of Contents ;
---------------------
  1. Legal Notice
  2. Flow Summary
  3. Flow Settings
  4. Flow Non-Default Global Settings
  5. Flow Elapsed Time
  6. Flow OS Summary
  7. Flow Log
  8. Flow Messages
  9. Flow Suppressed Messages



----------------
; Legal Notice ;
----------------
Copyright (C) 1991-2013 Altera Corporation
Your use of Altera Corporation's design tools, logic functions 
and other software and tools, and its AMPP partner logic 
functions, and any output files from any of the foregoing 
(including device programming or simulation files), and any 
associated documentation or information are expressly subject 
to the terms and conditions of the Altera Program License 
Subscription Agreement, Altera MegaCore Function License 
Agreement, or other applicable license agreement, including, 
without limitation, that your use is for the sole purpose of 
programming logic devices manufactured by Altera and sold by 
Altera or its authorized distributors.  Please refer to the 
applicable agreement for further details.



+---------------------------------------------------------------------------------+
; Flow Summary                                                                    ;
+------------------------------------+--------------------------------------------+
; Flow Status                        ; Successful - Thu Jun 15 18:24:55 2017      ;
; Quartus II 64-Bit Version          ; 13.0.0 Build 156 04/24/2013 SJ Web Edition ;
; Revision Name                      ; pipeCPU                                    ;
; Top-level Entity Name              ; pipeCPU                                    ;
; Family                             ; Cyclone II                                 ;
; Device                             ; EP2C35F672C6                               ;
; Timing Models                      ; Final                                      ;
; Total logic elements               ; 3,365 / 33,216 ( 10 % )                    ;
;     Total combinational functions  ; 2,795 / 33,216 ( 8 % )                     ;
;     Dedicated logic registers      ; 1,368 / 33,216 ( 4 % )                     ;
; Total registers                    ; 1368                                       ;
; Total pins                         ; 80 / 475 ( 17 % )                          ;
; Total virtual pins                 ; 0                                          ;
; Total memory bits                  ; 3,072 / 483,840 ( < 1 % )                  ;
; Embedded Multiplier 9-bit elements ; 0 / 70 ( 0 % )                             ;
; Total PLLs                         ; 0 / 4 ( 0 % )                              ;
+------------------------------------+--------------------------------------------+


+-----------------------------------------+
; Flow Settings                           ;
+-------------------+---------------------+
; Option            ; Setting             ;
+-------------------+---------------------+
; Start date & time ; 06/15/2017 18:24:07 ;
; Main task         ; Compilation         ;
; Revision Name     ; pipeCPU             ;
+-------------------+---------------------+


+-----------------------------------------------------------------------------------------------------------------------+
; Flow Non-Default Global Settings                                                                                      ;
+--------------------------------------+--------------------------------+---------------+-------------+-----------------+
; Assignment Name                      ; Value                          ; Default Value ; Entity Name ; Section Id      ;
+--------------------------------------+--------------------------------+---------------+-------------+-----------------+
; COMPILER_SIGNATURE_ID                ; 66692968577400.149752224707232 ; --            ; --          ; --              ;
; EDA_DESIGN_INSTANCE_NAME             ; NA                             ; --            ; --          ; pipeCPU_vlg_tst ;
; EDA_NATIVELINK_SIMULATION_TEST_BENCH ; pipeCPU_vlg_tst                ; --            ; --          ; eda_simulation  ;
; EDA_OUTPUT_DATA_FORMAT               ; Verilog Hdl                    ; --            ; --          ; eda_simulation  ;
; EDA_SIMULATION_TOOL                  ; ModelSim-Altera (Verilog)      ; <None>        ; --          ; --              ;
; EDA_TEST_BENCH_ENABLE_STATUS         ; TEST_BENCH_MODE                ; --            ; --          ; eda_simulation  ;
; EDA_TEST_BENCH_FILE                  ; simulation/modelsim/pipeCPU.vt ; --            ; --          ; pipeCPU_vlg_tst ;
; EDA_TEST_BENCH_MODULE_NAME           ; pipeCPU_vlg_tst                ; --            ; --          ; pipeCPU_vlg_tst ;
; EDA_TEST_BENCH_NAME                  ; pipeCPU_vlg_tst                ; --            ; --          ; eda_simulation  ;
; EDA_TIME_SCALE                       ; 1 ps                           ; --            ; --          ; eda_simulation  ;
; MAX_CORE_JUNCTION_TEMP               ; 85                             ; --            ; --          ; --              ;
; MIN_CORE_JUNCTION_TEMP               ; 0                              ; --            ; --          ; --              ;
; PARTITION_COLOR                      ; 16764057                       ; --            ; --          ; Top             ;
; PARTITION_FITTER_PRESERVATION_LEVEL  ; PLACEMENT_AND_ROUTING          ; --            ; --          ; Top             ;
; PARTITION_NETLIST_TYPE               ; SOURCE                         ; --            ; --          ; Top             ;
; PROJECT_OUTPUT_DIRECTORY             ; output_files                   ; --            ; --          ; --              ;
+--------------------------------------+--------------------------------+---------------+-------------+-----------------+


+-------------------------------------------------------------------------------------------------------------------------------+
; Flow Elapsed Time                                                                                                             ;
+---------------------------+--------------+-------------------------+---------------------+------------------------------------+
; Module Name               ; Elapsed Time ; Average Processors Used ; Peak Virtual Memory ; Total CPU Time (on all processors) ;
+---------------------------+--------------+-------------------------+---------------------+------------------------------------+
; Analysis & Synthesis      ; 00:00:10     ; 1.0                     ; 503 MB              ; 00:00:10                           ;
; Fitter                    ; 00:00:28     ; 1.0                     ; 803 MB              ; 00:00:27                           ;
; Assembler                 ; 00:00:02     ; 1.0                     ; 468 MB              ; 00:00:02                           ;
; TimeQuest Timing Analyzer ; 00:00:02     ; 1.0                     ; 474 MB              ; 00:00:01                           ;
; EDA Netlist Writer        ; 00:00:02     ; 1.0                     ; 449 MB              ; 00:00:02                           ;
; Total                     ; 00:00:44     ; --                      ; --                  ; 00:00:42                           ;
+---------------------------+--------------+-------------------------+---------------------+------------------------------------+


+----------------------------------------------------------------------------------------+
; Flow OS Summary                                                                        ;
+---------------------------+------------------+-----------+------------+----------------+
; Module Name               ; Machine Hostname ; OS Name   ; OS Version ; Processor type ;
+---------------------------+------------------+-----------+------------+----------------+
; Analysis & Synthesis      ; my-computer      ; Windows 7 ; 6.2        ; x86_64         ;
; Fitter                    ; my-computer      ; Windows 7 ; 6.2        ; x86_64         ;
; Assembler                 ; my-computer      ; Windows 7 ; 6.2        ; x86_64         ;
; TimeQuest Timing Analyzer ; my-computer      ; Windows 7 ; 6.2        ; x86_64         ;
; EDA Netlist Writer        ; my-computer      ; Windows 7 ; 6.2        ; x86_64         ;
+---------------------------+------------------+-----------+------------+----------------+


------------
; Flow Log ;
------------
quartus_map --read_settings_files=on --write_settings_files=off pipeCPU -c pipeCPU
quartus_fit --read_settings_files=off --write_settings_files=off pipeCPU -c pipeCPU
quartus_asm --read_settings_files=off --write_settings_files=off pipeCPU -c pipeCPU
quartus_sta pipeCPU -c pipeCPU
quartus_eda --read_settings_files=off --write_settings_files=off pipeCPU -c pipeCPU



